2017-01-05 09:53:16,474 [Worker-17] INFO  o.e.m.c.i.l.LifecycleMappingFactory - Using org.maven.ide.eclipse.wtp.WarLifecycleMapping lifecycle mapping for MavenProject: com.javali:style:1.0.0-BUILD-SNAPSHOT @ C:\myProject\myStyle\style\pom.xml.
2017-01-05 09:53:19,206 [Worker-17] INFO  o.e.m.c.i.e.AbstractTransferListenerAdapter - Downloading https://code.lds.org/nexus/content/groups/main-repo/com/oracle/ojdbc6/11.2.0.3/ojdbc6-11.2.0.3.pom
2017-01-05 09:53:19,483 [Worker-17] INFO  o.e.m.c.i.e.AbstractTransferListenerAdapter - Downloaded https://code.lds.org/nexus/content/groups/main-repo/com/oracle/ojdbc6/11.2.0.3/ojdbc6-11.2.0.3.pom
2017-01-05 09:53:19,707 [Worker-17] INFO  o.e.m.c.i.e.AbstractTransferListenerAdapter - Downloading https://code.lds.org/nexus/content/groups/main-repo/org/mybatis/mybatis/3.3.1/mybatis-3.3.1.pom
2017-01-05 09:53:20,103 [Worker-17] INFO  o.e.m.c.i.e.AbstractTransferListenerAdapter - Downloaded https://code.lds.org/nexus/content/groups/main-repo/org/mybatis/mybatis/3.3.1/mybatis-3.3.1.pom
2017-01-05 09:53:20,319 [Worker-17] INFO  o.e.m.c.i.e.AbstractTransferListenerAdapter - Downloading https://code.lds.org/nexus/content/groups/main-repo/org/mybatis/mybatis-parent/26/mybatis-parent-26.pom
2017-01-05 09:53:20,766 [Worker-17] INFO  o.e.m.c.i.e.AbstractTransferListenerAdapter - Downloaded https://code.lds.org/nexus/content/groups/main-repo/org/mybatis/mybatis-parent/26/mybatis-parent-26.pom
2017-01-05 09:53:21,084 [Worker-17] INFO  o.e.m.c.i.e.AbstractTransferListenerAdapter - Downloaded https://code.lds.org/nexus/content/groups/main-repo/org/mybatis/mybatis-spring/1.2.4/mybatis-spring-1.2.4.pom
2017-01-05 09:53:22,153 [Worker-17] INFO  o.e.m.c.i.e.AbstractTransferListenerAdapter - Downloading https://repo.maven.apache.org/maven2/org/mybatis/mybatis-spring/1.2.4/mybatis-spring-1.2.4.pom
2017-01-05 09:53:22,362 [Worker-17] INFO  o.e.m.c.i.e.AbstractTransferListenerAdapter - Downloaded https://repo.maven.apache.org/maven2/org/mybatis/mybatis-spring/1.2.4/mybatis-spring-1.2.4.pom
2017-01-05 09:53:23,155 [Worker-17] INFO  o.e.m.c.i.e.AbstractTransferListenerAdapter - Downloading https://code.lds.org/nexus/content/groups/main-repo/org/springframework/spring-jdbc/4.2.4.RELEASE/spring-jdbc-4.2.4.RELEASE.pom
2017-01-05 09:53:23,395 [Worker-17] INFO  o.e.m.c.i.e.AbstractTransferListenerAdapter - Downloaded https://code.lds.org/nexus/content/groups/main-repo/org/springframework/spring-jdbc/4.2.4.RELEASE/spring-jdbc-4.2.4.RELEASE.pom
2017-01-05 09:53:23,647 [Worker-17] INFO  o.e.m.c.i.e.AbstractTransferListenerAdapter - Downloading https://code.lds.org/nexus/content/groups/main-repo/org/springframework/spring-beans/4.2.4.RELEASE/spring-beans-4.2.4.RELEASE.pom
2017-01-05 09:53:23,864 [Worker-17] INFO  o.e.m.c.i.e.AbstractTransferListenerAdapter - Downloaded https://code.lds.org/nexus/content/groups/main-repo/org/springframework/spring-beans/4.2.4.RELEASE/spring-beans-4.2.4.RELEASE.pom
2017-01-05 09:53:24,077 [Worker-17] INFO  o.e.m.c.i.e.AbstractTransferListenerAdapter - Downloading https://code.lds.org/nexus/content/groups/main-repo/org/springframework/spring-core/4.2.4.RELEASE/spring-core-4.2.4.RELEASE.pom
2017-01-05 09:53:24,322 [Worker-17] INFO  o.e.m.c.i.e.AbstractTransferListenerAdapter - Downloaded https://code.lds.org/nexus/content/groups/main-repo/org/springframework/spring-core/4.2.4.RELEASE/spring-core-4.2.4.RELEASE.pom
2017-01-05 09:53:24,576 [Worker-17] INFO  o.e.m.c.i.e.AbstractTransferListenerAdapter - Downloading https://code.lds.org/nexus/content/groups/main-repo/org/springframework/spring-tx/4.2.4.RELEASE/spring-tx-4.2.4.RELEASE.pom
2017-01-05 09:53:24,797 [Worker-17] INFO  o.e.m.c.i.e.AbstractTransferListenerAdapter - Downloaded https://code.lds.org/nexus/content/groups/main-repo/org/springframework/spring-tx/4.2.4.RELEASE/spring-tx-4.2.4.RELEASE.pom
2017-01-05 09:53:25,014 [Worker-17] INFO  o.e.m.c.i.e.AbstractTransferListenerAdapter - Downloading https://code.lds.org/nexus/content/groups/main-repo/org/springframework/spring-test/4.2.4.RELEASE/spring-test-4.2.4.RELEASE.pom
2017-01-05 09:53:25,260 [Worker-17] INFO  o.e.m.c.i.e.AbstractTransferListenerAdapter - Downloaded https://code.lds.org/nexus/content/groups/main-repo/org/springframework/spring-test/4.2.4.RELEASE/spring-test-4.2.4.RELEASE.pom
2017-01-05 09:53:25,483 [Worker-17] INFO  o.e.m.c.i.e.AbstractTransferListenerAdapter - Downloading https://code.lds.org/nexus/content/groups/main-repo/org/apache/commons/commons-dbcp2/2.1.1/commons-dbcp2-2.1.1.pom
2017-01-05 09:53:25,727 [Worker-17] INFO  o.e.m.c.i.e.AbstractTransferListenerAdapter - Downloaded https://code.lds.org/nexus/content/groups/main-repo/org/apache/commons/commons-dbcp2/2.1.1/commons-dbcp2-2.1.1.pom
2017-01-05 09:53:25,955 [Worker-17] INFO  o.e.m.c.i.e.AbstractTransferListenerAdapter - Downloading https://code.lds.org/nexus/content/groups/main-repo/org/apache/commons/commons-pool2/2.4.2/commons-pool2-2.4.2.pom
2017-01-05 09:53:26,251 [Worker-17] INFO  o.e.m.c.i.e.AbstractTransferListenerAdapter - Downloaded https://code.lds.org/nexus/content/groups/main-repo/org/apache/commons/commons-pool2/2.4.2/commons-pool2-2.4.2.pom
2017-01-05 09:53:26,574 [Worker-17] INFO  o.e.m.c.i.e.AbstractTransferListenerAdapter - Downloading https://code.lds.org/nexus/content/groups/main-repo/commons-collections/commons-collections/3.2.2/commons-collections-3.2.2.pom
2017-01-05 09:53:27,135 [Worker-17] INFO  o.e.m.c.i.e.AbstractTransferListenerAdapter - Downloaded https://code.lds.org/nexus/content/groups/main-repo/commons-collections/commons-collections/3.2.2/commons-collections-3.2.2.pom
2017-01-05 09:53:27,387 [Worker-17] INFO  o.e.m.c.i.e.AbstractTransferListenerAdapter - Downloading https://code.lds.org/nexus/content/groups/main-repo/org/apache/commons/commons-parent/39/commons-parent-39.pom
2017-01-05 09:53:27,881 [Worker-17] INFO  o.e.m.c.i.e.AbstractTransferListenerAdapter - Downloaded https://code.lds.org/nexus/content/groups/main-repo/org/apache/commons/commons-parent/39/commons-parent-39.pom
2017-01-05 09:53:28,480 [Worker-17] INFO  o.e.m.c.i.e.AbstractTransferListenerAdapter - Downloading https://code.lds.org/nexus/content/groups/main-repo/org/apache/apache/16/apache-16.pom
2017-01-05 09:53:28,806 [Worker-17] INFO  o.e.m.c.i.e.AbstractTransferListenerAdapter - Downloaded https://code.lds.org/nexus/content/groups/main-repo/org/apache/apache/16/apache-16.pom
2017-01-05 09:53:29,430 [Worker-17] INFO  o.e.m.c.i.e.AbstractTransferListenerAdapter - Downloading https://code.lds.org/nexus/content/groups/main-repo/junit/junit/4.12/junit-4.12.pom
2017-01-05 09:53:29,673 [Worker-17] INFO  o.e.m.c.i.e.AbstractTransferListenerAdapter - Downloaded https://code.lds.org/nexus/content/groups/main-repo/junit/junit/4.12/junit-4.12.pom
2017-01-05 09:53:29,900 [Worker-17] INFO  o.e.m.c.i.e.AbstractTransferListenerAdapter - Downloading https://code.lds.org/nexus/content/groups/main-repo/org/hamcrest/hamcrest-core/1.3/hamcrest-core-1.3.pom
2017-01-05 09:53:30,126 [Worker-17] INFO  o.e.m.c.i.e.AbstractTransferListenerAdapter - Downloaded https://code.lds.org/nexus/content/groups/main-repo/org/hamcrest/hamcrest-core/1.3/hamcrest-core-1.3.pom
2017-01-05 09:53:30,353 [Worker-17] INFO  o.e.m.c.i.e.AbstractTransferListenerAdapter - Downloading https://code.lds.org/nexus/content/groups/main-repo/org/hamcrest/hamcrest-parent/1.3/hamcrest-parent-1.3.pom
2017-01-05 09:53:30,575 [Worker-17] INFO  o.e.m.c.i.e.AbstractTransferListenerAdapter - Downloaded https://code.lds.org/nexus/content/groups/main-repo/org/hamcrest/hamcrest-parent/1.3/hamcrest-parent-1.3.pom
2017-01-05 09:53:30,882 [Worker-17] INFO  o.e.m.c.i.e.AbstractTransferListenerAdapter - Downloading https://code.lds.org/nexus/content/groups/main-repo/com/oracle/ojdbc6/11.2.0.3/ojdbc6-11.2.0.3.jar
2017-01-05 09:53:40,877 [Worker-17] INFO  o.e.m.c.i.e.AbstractTransferListenerAdapter - Downloaded https://code.lds.org/nexus/content/groups/main-repo/com/oracle/ojdbc6/11.2.0.3/ojdbc6-11.2.0.3.jar
2017-01-05 09:53:41,085 [Worker-17] INFO  o.e.m.c.i.e.AbstractTransferListenerAdapter - Downloading https://code.lds.org/nexus/content/groups/main-repo/org/mybatis/mybatis/3.3.1/mybatis-3.3.1.jar
2017-01-05 09:53:47,454 [Worker-17] INFO  o.e.m.c.i.e.AbstractTransferListenerAdapter - Downloaded https://code.lds.org/nexus/content/groups/main-repo/org/mybatis/mybatis/3.3.1/mybatis-3.3.1.jar
2017-01-05 09:53:47,795 [Worker-17] INFO  o.e.m.c.i.e.AbstractTransferListenerAdapter - Downloaded https://code.lds.org/nexus/content/groups/main-repo/org/mybatis/mybatis-spring/1.2.4/mybatis-spring-1.2.4.jar
2017-01-05 09:53:48,539 [Worker-17] INFO  o.e.m.c.i.e.AbstractTransferListenerAdapter - Downloading https://code.lds.org/nexus/content/groups/main-repo/org/springframework/spring-jdbc/4.2.4.RELEASE/spring-jdbc-4.2.4.RELEASE.jar
2017-01-05 09:53:49,068 [Worker-23] INFO  o.e.m.c.i.l.LifecycleMappingFactory - Using org.maven.ide.eclipse.wtp.WarLifecycleMapping lifecycle mapping for MavenProject: com.javali:style:1.0.0-BUILD-SNAPSHOT @ C:\myProject\myStyle\style\pom.xml.
2017-01-05 09:53:50,114 [Worker-17] INFO  o.e.m.c.i.e.AbstractTransferListenerAdapter - Downloaded https://code.lds.org/nexus/content/groups/main-repo/org/springframework/spring-jdbc/4.2.4.RELEASE/spring-jdbc-4.2.4.RELEASE.jar
2017-01-05 09:53:50,326 [Worker-17] INFO  o.e.m.c.i.e.AbstractTransferListenerAdapter - Downloading https://code.lds.org/nexus/content/groups/main-repo/org/springframework/spring-tx/4.2.4.RELEASE/spring-tx-4.2.4.RELEASE.jar
2017-01-05 09:53:51,297 [Worker-17] INFO  o.e.m.c.i.e.AbstractTransferListenerAdapter - Downloaded https://code.lds.org/nexus/content/groups/main-repo/org/springframework/spring-tx/4.2.4.RELEASE/spring-tx-4.2.4.RELEASE.jar
2017-01-05 09:53:51,314 [Worker-23] INFO  o.e.m.c.i.e.AbstractTransferListenerAdapter - Downloaded https://code.lds.org/nexus/content/groups/main-repo/org/mybatis/mybatis-spring/1.2.4/mybatis-spring-1.2.4.jar
2017-01-05 09:53:51,498 [Worker-17] INFO  o.e.m.c.i.e.AbstractTransferListenerAdapter - Downloading https://code.lds.org/nexus/content/groups/main-repo/org/springframework/spring-test/4.2.4.RELEASE/spring-test-4.2.4.RELEASE.jar
2017-01-05 09:53:52,048 [Worker-23] INFO  o.e.m.c.i.e.AbstractTransferListenerAdapter - Downloading https://code.lds.org/nexus/content/groups/main-repo/org/springframework/spring-tx/4.2.4.RELEASE/spring-tx-4.2.4.RELEASE.jar
2017-01-05 09:53:53,181 [Worker-23] INFO  o.e.m.c.i.e.AbstractTransferListenerAdapter - Downloaded https://code.lds.org/nexus/content/groups/main-repo/org/springframework/spring-tx/4.2.4.RELEASE/spring-tx-4.2.4.RELEASE.jar
2017-01-05 09:53:53,316 [Worker-17] INFO  o.e.m.c.i.e.AbstractTransferListenerAdapter - Downloaded https://code.lds.org/nexus/content/groups/main-repo/org/springframework/spring-test/4.2.4.RELEASE/spring-test-4.2.4.RELEASE.jar
2017-01-05 09:53:53,363 [Worker-23] INFO  o.e.m.c.i.e.AbstractTransferListenerAdapter - Downloading https://code.lds.org/nexus/content/groups/main-repo/org/springframework/spring-test/4.2.4.RELEASE/spring-test-4.2.4.RELEASE.jar
2017-01-05 09:53:53,526 [Worker-17] INFO  o.e.m.c.i.e.AbstractTransferListenerAdapter - Downloading https://code.lds.org/nexus/content/groups/main-repo/org/apache/commons/commons-dbcp2/2.1.1/commons-dbcp2-2.1.1.jar
2017-01-05 09:53:54,166 [Worker-17] INFO  o.e.m.c.i.e.AbstractTransferListenerAdapter - Downloaded https://code.lds.org/nexus/content/groups/main-repo/org/apache/commons/commons-dbcp2/2.1.1/commons-dbcp2-2.1.1.jar
2017-01-05 09:53:54,392 [Worker-17] INFO  o.e.m.c.i.e.AbstractTransferListenerAdapter - Downloading https://code.lds.org/nexus/content/groups/main-repo/commons-logging/commons-logging/1.2/commons-logging-1.2.jar
2017-01-05 09:53:54,784 [Worker-17] INFO  o.e.m.c.i.e.AbstractTransferListenerAdapter - Downloaded https://code.lds.org/nexus/content/groups/main-repo/commons-logging/commons-logging/1.2/commons-logging-1.2.jar
2017-01-05 09:53:54,985 [Worker-17] INFO  o.e.m.c.i.e.AbstractTransferListenerAdapter - Downloading https://code.lds.org/nexus/content/groups/main-repo/org/apache/commons/commons-pool2/2.4.2/commons-pool2-2.4.2.jar
2017-01-05 09:53:55,083 [Worker-23] INFO  o.e.m.c.i.e.AbstractTransferListenerAdapter - Downloaded https://code.lds.org/nexus/content/groups/main-repo/org/springframework/spring-test/4.2.4.RELEASE/spring-test-4.2.4.RELEASE.jar
2017-01-05 09:53:55,265 [Worker-23] INFO  o.e.m.c.i.e.AbstractTransferListenerAdapter - Downloading https://code.lds.org/nexus/content/groups/main-repo/org/apache/commons/commons-dbcp2/2.1.1/commons-dbcp2-2.1.1.jar
2017-01-05 09:53:55,402 [Worker-17] INFO  o.e.m.c.i.e.AbstractTransferListenerAdapter - Downloaded https://code.lds.org/nexus/content/groups/main-repo/org/apache/commons/commons-pool2/2.4.2/commons-pool2-2.4.2.jar
2017-01-05 09:53:55,594 [Worker-17] INFO  o.e.m.c.i.e.AbstractTransferListenerAdapter - Downloading https://code.lds.org/nexus/content/groups/main-repo/commons-collections/commons-collections/3.2.2/commons-collections-3.2.2.jar
2017-01-05 09:53:55,869 [Worker-23] INFO  o.e.m.c.i.e.AbstractTransferListenerAdapter - Downloaded https://code.lds.org/nexus/content/groups/main-repo/org/apache/commons/commons-dbcp2/2.1.1/commons-dbcp2-2.1.1.jar
2017-01-05 09:53:56,054 [Worker-23] INFO  o.e.m.c.i.e.AbstractTransferListenerAdapter - Downloading https://code.lds.org/nexus/content/groups/main-repo/commons-logging/commons-logging/1.2/commons-logging-1.2.jar
2017-01-05 09:53:56,451 [Worker-23] INFO  o.e.m.c.i.e.AbstractTransferListenerAdapter - Downloaded https://code.lds.org/nexus/content/groups/main-repo/commons-logging/commons-logging/1.2/commons-logging-1.2.jar
2017-01-05 09:53:56,650 [Worker-23] INFO  o.e.m.c.i.e.AbstractTransferListenerAdapter - Downloading https://code.lds.org/nexus/content/groups/main-repo/org/apache/commons/commons-pool2/2.4.2/commons-pool2-2.4.2.jar
2017-01-05 09:53:57,128 [Worker-23] INFO  o.e.m.c.i.e.AbstractTransferListenerAdapter - Downloaded https://code.lds.org/nexus/content/groups/main-repo/org/apache/commons/commons-pool2/2.4.2/commons-pool2-2.4.2.jar
2017-01-05 09:53:57,368 [Worker-23] INFO  o.e.m.c.i.e.AbstractTransferListenerAdapter - Downloading https://code.lds.org/nexus/content/groups/main-repo/commons-collections/commons-collections/3.2.2/commons-collections-3.2.2.jar
2017-01-05 09:53:57,575 [Worker-17] INFO  o.e.m.c.i.e.AbstractTransferListenerAdapter - Downloaded https://code.lds.org/nexus/content/groups/main-repo/commons-collections/commons-collections/3.2.2/commons-collections-3.2.2.jar
2017-01-05 09:53:57,604 [Worker-23] INFO  o.e.m.c.i.e.AbstractTransferListenerAdapter - Downloaded https://code.lds.org/nexus/content/groups/main-repo/commons-collections/commons-collections/3.2.2/commons-collections-3.2.2.jar
2017-01-05 09:53:57,777 [Worker-17] INFO  o.e.m.c.i.e.AbstractTransferListenerAdapter - Downloading https://code.lds.org/nexus/content/groups/main-repo/junit/junit/4.12/junit-4.12.jar
2017-01-05 09:53:57,790 [Worker-23] INFO  o.e.m.c.i.e.AbstractTransferListenerAdapter - Downloading https://code.lds.org/nexus/content/groups/main-repo/junit/junit/4.12/junit-4.12.jar
2017-01-05 09:53:58,782 [Worker-23] INFO  o.e.m.c.i.e.AbstractTransferListenerAdapter - Downloaded https://code.lds.org/nexus/content/groups/main-repo/junit/junit/4.12/junit-4.12.jar
2017-01-05 09:53:58,946 [Worker-17] INFO  o.e.m.c.i.e.AbstractTransferListenerAdapter - Downloaded https://code.lds.org/nexus/content/groups/main-repo/junit/junit/4.12/junit-4.12.jar
2017-01-05 09:53:58,972 [Worker-23] INFO  o.e.m.c.i.e.AbstractTransferListenerAdapter - Downloading https://code.lds.org/nexus/content/groups/main-repo/org/hamcrest/hamcrest-core/1.3/hamcrest-core-1.3.jar
2017-01-05 09:53:59,161 [Worker-17] INFO  o.e.m.c.i.e.AbstractTransferListenerAdapter - Downloading https://code.lds.org/nexus/content/groups/main-repo/org/hamcrest/hamcrest-core/1.3/hamcrest-core-1.3.jar
2017-01-05 09:53:59,713 [Worker-23] INFO  o.e.m.c.i.e.AbstractTransferListenerAdapter - Downloaded https://code.lds.org/nexus/content/groups/main-repo/org/hamcrest/hamcrest-core/1.3/hamcrest-core-1.3.jar
2017-01-05 09:54:00,675 [Worker-17] INFO  o.e.m.c.i.e.AbstractTransferListenerAdapter - Downloaded https://code.lds.org/nexus/content/groups/main-repo/org/hamcrest/hamcrest-core/1.3/hamcrest-core-1.3.jar
2017-01-05 09:54:03,073 [Worker-17] INFO  o.e.m.c.i.e.AbstractTransferListenerAdapter - Downloading https://repo.maven.apache.org/maven2/org/mybatis/mybatis-spring/1.2.4/mybatis-spring-1.2.4.jar
2017-01-05 09:54:03,272 [Worker-23] INFO  o.e.m.c.i.e.AbstractTransferListenerAdapter - Downloading https://repo.maven.apache.org/maven2/org/mybatis/mybatis-spring/1.2.4/mybatis-spring-1.2.4.jar
2017-01-05 09:54:03,519 [Worker-17] INFO  o.e.m.c.i.e.AbstractTransferListenerAdapter - Downloaded https://repo.maven.apache.org/maven2/org/mybatis/mybatis-spring/1.2.4/mybatis-spring-1.2.4.jar
2017-01-05 09:54:03,806 [Worker-23] INFO  o.e.m.c.i.e.AbstractTransferListenerAdapter - Downloaded https://repo.maven.apache.org/maven2/org/mybatis/mybatis-spring/1.2.4/mybatis-spring-1.2.4.jar
2017-01-05 09:54:03,990 [Worker-23] INFO  o.e.m.c.i.e.AbstractTransferListenerAdapter - Downloading https://repo.maven.apache.org/maven2/commons-collections/commons-collections/3.2.2/commons-collections-3.2.2.jar
2017-01-05 09:54:05,279 [Worker-23] INFO  o.e.m.c.i.e.AbstractTransferListenerAdapter - Downloaded https://repo.maven.apache.org/maven2/commons-collections/commons-collections/3.2.2/commons-collections-3.2.2.jar
2017-01-05 09:54:13,180 [Worker-23] WARN  o.e.m.c.i.embedder.EclipseLogger - Using platform encoding (MS949 actually) to copy filtered resources, i.e. build is platform dependent!
2017-01-05 09:54:13,221 [Worker-23] INFO  o.e.m.c.i.embedder.EclipseLogger - Copying 2 resources
2017-01-05 09:54:13,261 [Worker-23] WARN  o.e.m.c.i.embedder.EclipseLogger - Using platform encoding (MS949 actually) to copy filtered resources, i.e. build is platform dependent!
2017-01-05 09:54:13,277 [Worker-23] INFO  o.e.m.c.i.embedder.EclipseLogger - Copying 1 resource
2017-01-05 09:54:19,045 [Worker-22] INFO  o.e.m.c.i.l.LifecycleMappingFactory - Using org.maven.ide.eclipse.wtp.WarLifecycleMapping lifecycle mapping for MavenProject: com.javali:style:1.0.0-BUILD-SNAPSHOT @ C:\myProject\myStyle\style\pom.xml.
2017-01-05 09:54:19,086 [Worker-19] WARN  o.e.m.c.i.embedder.EclipseLogger - Using platform encoding (MS949 actually) to copy filtered resources, i.e. build is platform dependent!
2017-01-05 09:54:19,133 [Worker-19] INFO  o.e.m.c.i.embedder.EclipseLogger - Copying 2 resources
2017-01-05 09:54:19,182 [Worker-19] WARN  o.e.m.c.i.embedder.EclipseLogger - Using platform encoding (MS949 actually) to copy filtered resources, i.e. build is platform dependent!
2017-01-05 09:54:19,194 [Worker-19] INFO  o.e.m.c.i.embedder.EclipseLogger - Copying 1 resource
2017-01-05 09:54:21,104 [Worker-18] WARN  o.e.m.c.i.embedder.EclipseLogger - Using platform encoding (MS949 actually) to copy filtered resources, i.e. build is platform dependent!
2017-01-05 09:54:21,135 [Worker-18] INFO  o.e.m.c.i.embedder.EclipseLogger - Copying 0 resource
2017-01-05 09:54:21,138 [Worker-18] WARN  o.e.m.c.i.embedder.EclipseLogger - Using platform encoding (MS949 actually) to copy filtered resources, i.e. build is platform dependent!
2017-01-05 09:54:21,165 [Worker-18] INFO  o.e.m.c.i.embedder.EclipseLogger - Copying 0 resource
